2021-12-01 16:53:55 [DEBUG] io.netty.channel.MultithreadEventLoopGroup: -Dio.netty.eventLoopThreads: 16
2021-12-01 16:53:55 [DEBUG] io.netty.util.internal.InternalThreadLocalMap: -Dio.netty.threadLocalMap.stringBuilder.initialSize: 1024
2021-12-01 16:53:55 [DEBUG] io.netty.util.internal.InternalThreadLocalMap: -Dio.netty.threadLocalMap.stringBuilder.maxSize: 4096
2021-12-01 16:53:55 [DEBUG] io.netty.channel.nio.NioEventLoop: -Dio.netty.noKeySetOptimization: false
2021-12-01 16:53:55 [DEBUG] io.netty.channel.nio.NioEventLoop: -Dio.netty.selectorAutoRebuildThreshold: 512
2021-12-01 16:53:55 [DEBUG] io.netty.util.internal.PlatformDependent: Platform: Windows
2021-12-01 16:53:55 [DEBUG] io.netty.util.internal.PlatformDependent0: -Dio.netty.noUnsafe: false
2021-12-01 16:53:55 [DEBUG] io.netty.util.internal.PlatformDependent0: Java version: 8
2021-12-01 16:53:55 [DEBUG] io.netty.util.internal.PlatformDependent0: sun.misc.Unsafe.theUnsafe: available
2021-12-01 16:53:55 [DEBUG] io.netty.util.internal.PlatformDependent0: sun.misc.Unsafe.copyMemory: available
2021-12-01 16:53:55 [DEBUG] io.netty.util.internal.PlatformDependent0: java.nio.Buffer.address: available
2021-12-01 16:53:55 [DEBUG] io.netty.util.internal.PlatformDependent0: direct buffer constructor: available
2021-12-01 16:53:55 [DEBUG] io.netty.util.internal.PlatformDependent0: java.nio.Bits.unaligned: available, true
2021-12-01 16:53:55 [DEBUG] io.netty.util.internal.PlatformDependent0: jdk.internal.misc.Unsafe.allocateUninitializedArray(int): unavailable prior to Java9
2021-12-01 16:53:55 [DEBUG] io.netty.util.internal.PlatformDependent0: java.nio.DirectByteBuffer.<init>(long, int): available
2021-12-01 16:53:55 [DEBUG] io.netty.util.internal.PlatformDependent: sun.misc.Unsafe: available
2021-12-01 16:53:55 [DEBUG] io.netty.util.internal.PlatformDependent: -Dio.netty.tmpdir: C:\Users\19551\AppData\Local\Temp (java.io.tmpdir)
2021-12-01 16:53:55 [DEBUG] io.netty.util.internal.PlatformDependent: -Dio.netty.bitMode: 64 (sun.arch.data.model)
2021-12-01 16:53:55 [DEBUG] io.netty.util.internal.PlatformDependent: -Dio.netty.maxDirectMemory: 7618953216 bytes
2021-12-01 16:53:55 [DEBUG] io.netty.util.internal.PlatformDependent: -Dio.netty.uninitializedArrayAllocationThreshold: -1
2021-12-01 16:53:55 [DEBUG] io.netty.util.internal.CleanerJava6: java.nio.ByteBuffer.cleaner(): available
2021-12-01 16:53:55 [DEBUG] io.netty.util.internal.PlatformDependent: -Dio.netty.noPreferDirect: false
2021-12-01 16:53:55 [DEBUG] io.netty.util.internal.PlatformDependent: org.jctools-core.MpscChunkedArrayQueue: available
2021-12-01 16:53:56 [DEBUG] io.netty.channel.DefaultChannelId: -Dio.netty.processId: 23216 (auto-detected)
2021-12-01 16:53:56 [DEBUG] io.netty.util.NetUtil: -Djava.net.preferIPv4Stack: false
2021-12-01 16:53:56 [DEBUG] io.netty.util.NetUtil: -Djava.net.preferIPv6Addresses: false
2021-12-01 16:53:56 [DEBUG] io.netty.util.NetUtil: Loopback interface: lo (Software Loopback Interface 1, 127.0.0.1)
2021-12-01 16:53:56 [DEBUG] io.netty.util.NetUtil: Failed to get SOMAXCONN from sysctl and file \proc\sys\net\core\somaxconn. Default: 200
2021-12-01 16:53:56 [DEBUG] io.netty.channel.DefaultChannelId: -Dio.netty.machineId: 00:50:56:ff:fe:c0:00:01 (auto-detected)
2021-12-01 16:53:56 [DEBUG] io.netty.util.ResourceLeakDetector: -Dio.netty.leakDetection.level: simple
2021-12-01 16:53:56 [DEBUG] io.netty.util.ResourceLeakDetector: -Dio.netty.leakDetection.targetRecords: 4
2021-12-01 16:53:56 [DEBUG] io.netty.buffer.PooledByteBufAllocator: -Dio.netty.allocator.numHeapArenas: 16
2021-12-01 16:53:56 [DEBUG] io.netty.buffer.PooledByteBufAllocator: -Dio.netty.allocator.numDirectArenas: 16
2021-12-01 16:53:56 [DEBUG] io.netty.buffer.PooledByteBufAllocator: -Dio.netty.allocator.pageSize: 8192
2021-12-01 16:53:56 [DEBUG] io.netty.buffer.PooledByteBufAllocator: -Dio.netty.allocator.maxOrder: 11
2021-12-01 16:53:56 [DEBUG] io.netty.buffer.PooledByteBufAllocator: -Dio.netty.allocator.chunkSize: 16777216
2021-12-01 16:53:56 [DEBUG] io.netty.buffer.PooledByteBufAllocator: -Dio.netty.allocator.tinyCacheSize: 512
2021-12-01 16:53:56 [DEBUG] io.netty.buffer.PooledByteBufAllocator: -Dio.netty.allocator.smallCacheSize: 256
2021-12-01 16:53:56 [DEBUG] io.netty.buffer.PooledByteBufAllocator: -Dio.netty.allocator.normalCacheSize: 64
2021-12-01 16:53:56 [DEBUG] io.netty.buffer.PooledByteBufAllocator: -Dio.netty.allocator.maxCachedBufferCapacity: 32768
2021-12-01 16:53:56 [DEBUG] io.netty.buffer.PooledByteBufAllocator: -Dio.netty.allocator.cacheTrimInterval: 8192
2021-12-01 16:53:56 [DEBUG] io.netty.buffer.PooledByteBufAllocator: -Dio.netty.allocator.cacheTrimIntervalMillis: 0
2021-12-01 16:53:56 [DEBUG] io.netty.buffer.PooledByteBufAllocator: -Dio.netty.allocator.useCacheForAllThreads: true
2021-12-01 16:53:56 [DEBUG] io.netty.buffer.PooledByteBufAllocator: -Dio.netty.allocator.maxCachedByteBuffersPerChunk: 1023
2021-12-01 16:53:56 [DEBUG] io.netty.buffer.ByteBufUtil: -Dio.netty.allocator.type: pooled
2021-12-01 16:53:56 [DEBUG] io.netty.buffer.ByteBufUtil: -Dio.netty.threadLocalDirectBufferSize: 0
2021-12-01 16:53:56 [DEBUG] io.netty.buffer.ByteBufUtil: -Dio.netty.maxThreadLocalCharBufferSize: 16384
2021-12-01 16:53:59 [DEBUG] io.netty.handler.logging.LoggingHandler: [id: 0xf5b565e5, L:/127.0.0.1:8088 - R:/127.0.0.1:3905] REGISTERED
2021-12-01 16:53:59 [DEBUG] io.netty.handler.logging.LoggingHandler: [id: 0xf5b565e5, L:/127.0.0.1:8088 - R:/127.0.0.1:3905] ACTIVE
2021-12-01 16:54:02 [DEBUG] io.netty.handler.logging.LoggingHandler: [id: 0xc7be7125, L:/127.0.0.1:8088 - R:/127.0.0.1:3945] REGISTERED
2021-12-01 16:54:02 [DEBUG] io.netty.handler.logging.LoggingHandler: [id: 0xc7be7125, L:/127.0.0.1:8088 - R:/127.0.0.1:3945] ACTIVE
2021-12-01 16:54:04 [DEBUG] io.netty.handler.logging.LoggingHandler: [id: 0xa350ada8, L:/127.0.0.1:8088 - R:/127.0.0.1:3983] REGISTERED
2021-12-01 16:54:04 [DEBUG] io.netty.handler.logging.LoggingHandler: [id: 0xa350ada8, L:/127.0.0.1:8088 - R:/127.0.0.1:3983] ACTIVE
2021-12-01 16:54:07 [DEBUG] io.netty.util.Recycler: -Dio.netty.recycler.maxCapacityPerThread: 4096
2021-12-01 16:54:07 [DEBUG] io.netty.util.Recycler: -Dio.netty.recycler.maxSharedCapacityFactor: 2
2021-12-01 16:54:07 [DEBUG] io.netty.util.Recycler: -Dio.netty.recycler.linkCapacity: 16
2021-12-01 16:54:07 [DEBUG] io.netty.util.Recycler: -Dio.netty.recycler.ratio: 8
2021-12-01 16:54:07 [DEBUG] io.netty.buffer.AbstractByteBuf: -Dio.netty.buffer.checkAccessible: true
2021-12-01 16:54:07 [DEBUG] io.netty.buffer.AbstractByteBuf: -Dio.netty.buffer.checkBounds: true
2021-12-01 16:54:07 [DEBUG] io.netty.util.ResourceLeakDetectorFactory: Loaded default ResourceLeakDetector: io.netty.util.ResourceLeakDetector@18bf5222
2021-12-01 16:54:07 [DEBUG] io.netty.handler.logging.LoggingHandler: [id: 0xa350ada8, L:/127.0.0.1:8088 - R:/127.0.0.1:3983] READ: 122B
         +-------------------------------------------------+
         |  0  1  2  3  4  5  6  7  8  9  a  b  c  d  e  f |
+--------+-------------------------------------------------+----------------+
|00000000| 30 36 32 32 31 00 00 00 01 31 31 31 00 00 00 6a |06221....111...j|
|00000010| ac ed 00 05 73 72 00 1b 4d 65 73 73 61 67 65 2e |....sr..Message.|
|00000020| 4c 6f 67 69 6e 52 65 71 75 65 73 74 4d 65 73 73 |LoginRequestMess|
|00000030| 61 67 65 72 c0 ea af 67 3e f5 ac 02 00 02 4c 00 |ager...g>.....L.|
|00000040| 08 50 61 73 73 57 6f 72 64 74 00 12 4c 6a 61 76 |.PassWordt..Ljav|
|00000050| 61 2f 6c 61 6e 67 2f 53 74 72 69 6e 67 3b 4c 00 |a/lang/String;L.|
|00000060| 08 55 73 65 72 4e 61 6d 65 71 00 7e 00 01 78 70 |.UserNameq.~..xp|
|00000070| 74 00 02 6c 69 74 00 02 64 6a                   |t..lit..dj      |
+--------+-------------------------------------------------+----------------+
2021-12-01 16:54:07 [DEBUG] io.netty.handler.logging.LoggingHandler: [id: 0xa350ada8, L:/127.0.0.1:8088 - R:/127.0.0.1:3983] WRITE: 121B
         +-------------------------------------------------+
         |  0  1  2  3  4  5  6  7  8  9  a  b  c  d  e  f |
+--------+-------------------------------------------------+----------------+
|00000000| 30 36 32 32 31 00 00 00 02 31 31 31 00 00 00 69 |06221....111...i|
|00000010| ac ed 00 05 73 72 00 1c 4d 65 73 73 61 67 65 2e |....sr..Message.|
|00000020| 4c 6f 67 69 6e 52 65 73 70 6f 6e 73 65 4d 65 73 |LoginResponseMes|
|00000030| 73 61 67 65 c5 c5 19 82 b5 0e a3 b6 02 00 02 5a |sage...........Z|
|00000040| 00 07 73 75 63 63 65 73 73 4c 00 06 72 65 61 73 |..successL..reas|
|00000050| 6f 6e 74 00 12 4c 6a 61 76 61 2f 6c 61 6e 67 2f |ont..Ljava/lang/|
|00000060| 53 74 72 69 6e 67 3b 78 70 01 74 00 0c 31 32 33 |String;xp.t..123|
|00000070| 31 32 33 31 32 33 31 32 33                      |123123123       |
+--------+-------------------------------------------------+----------------+
2021-12-01 16:54:07 [DEBUG] io.netty.handler.logging.LoggingHandler: [id: 0xa350ada8, L:/127.0.0.1:8088 - R:/127.0.0.1:3983] FLUSH
2021-12-01 16:54:07 [DEBUG] io.netty.handler.logging.LoggingHandler: [id: 0xa350ada8, L:/127.0.0.1:8088 - R:/127.0.0.1:3983] READ COMPLETE
2021-12-01 16:54:11 [DEBUG] io.netty.handler.logging.LoggingHandler: [id: 0xc7be7125, L:/127.0.0.1:8088 - R:/127.0.0.1:3945] READ: 122B
         +-------------------------------------------------+
         |  0  1  2  3  4  5  6  7  8  9  a  b  c  d  e  f |
+--------+-------------------------------------------------+----------------+
|00000000| 30 36 32 32 31 00 00 00 01 31 31 31 00 00 00 6a |06221....111...j|
|00000010| ac ed 00 05 73 72 00 1b 4d 65 73 73 61 67 65 2e |....sr..Message.|
|00000020| 4c 6f 67 69 6e 52 65 71 75 65 73 74 4d 65 73 73 |LoginRequestMess|
|00000030| 61 67 65 72 c0 ea af 67 3e f5 ac 02 00 02 4c 00 |ager...g>.....L.|
|00000040| 08 50 61 73 73 57 6f 72 64 74 00 12 4c 6a 61 76 |.PassWordt..Ljav|
|00000050| 61 2f 6c 61 6e 67 2f 53 74 72 69 6e 67 3b 4c 00 |a/lang/String;L.|
|00000060| 08 55 73 65 72 4e 61 6d 65 71 00 7e 00 01 78 70 |.UserNameq.~..xp|
|00000070| 74 00 02 6c 69 74 00 02 6c 64                   |t..lit..ld      |
+--------+-------------------------------------------------+----------------+
2021-12-01 16:54:11 [DEBUG] io.netty.handler.logging.LoggingHandler: [id: 0xc7be7125, L:/127.0.0.1:8088 - R:/127.0.0.1:3945] WRITE: 121B
         +-------------------------------------------------+
         |  0  1  2  3  4  5  6  7  8  9  a  b  c  d  e  f |
+--------+-------------------------------------------------+----------------+
|00000000| 30 36 32 32 31 00 00 00 02 31 31 31 00 00 00 69 |06221....111...i|
|00000010| ac ed 00 05 73 72 00 1c 4d 65 73 73 61 67 65 2e |....sr..Message.|
|00000020| 4c 6f 67 69 6e 52 65 73 70 6f 6e 73 65 4d 65 73 |LoginResponseMes|
|00000030| 73 61 67 65 c5 c5 19 82 b5 0e a3 b6 02 00 02 5a |sage...........Z|
|00000040| 00 07 73 75 63 63 65 73 73 4c 00 06 72 65 61 73 |..successL..reas|
|00000050| 6f 6e 74 00 12 4c 6a 61 76 61 2f 6c 61 6e 67 2f |ont..Ljava/lang/|
|00000060| 53 74 72 69 6e 67 3b 78 70 01 74 00 0c 31 32 33 |String;xp.t..123|
|00000070| 31 32 33 31 32 33 31 32 33                      |123123123       |
+--------+-------------------------------------------------+----------------+
2021-12-01 16:54:11 [DEBUG] io.netty.handler.logging.LoggingHandler: [id: 0xc7be7125, L:/127.0.0.1:8088 - R:/127.0.0.1:3945] FLUSH
2021-12-01 16:54:11 [DEBUG] io.netty.handler.logging.LoggingHandler: [id: 0xc7be7125, L:/127.0.0.1:8088 - R:/127.0.0.1:3945] READ COMPLETE
2021-12-01 16:54:18 [DEBUG] io.netty.handler.logging.LoggingHandler: [id: 0xf5b565e5, L:/127.0.0.1:8088 - R:/127.0.0.1:3905] READ: 122B
         +-------------------------------------------------+
         |  0  1  2  3  4  5  6  7  8  9  a  b  c  d  e  f |
+--------+-------------------------------------------------+----------------+
|00000000| 30 36 32 32 31 00 00 00 01 31 31 31 00 00 00 6a |06221....111...j|
|00000010| ac ed 00 05 73 72 00 1b 4d 65 73 73 61 67 65 2e |....sr..Message.|
|00000020| 4c 6f 67 69 6e 52 65 71 75 65 73 74 4d 65 73 73 |LoginRequestMess|
|00000030| 61 67 65 72 c0 ea af 67 3e f5 ac 02 00 02 4c 00 |ager...g>.....L.|
|00000040| 08 50 61 73 73 57 6f 72 64 74 00 12 4c 6a 61 76 |.PassWordt..Ljav|
|00000050| 61 2f 6c 61 6e 67 2f 53 74 72 69 6e 67 3b 4c 00 |a/lang/String;L.|
|00000060| 08 55 73 65 72 4e 61 6d 65 71 00 7e 00 01 78 70 |.UserNameq.~..xp|
|00000070| 74 00 02 6c 69 74 00 02 68 7a                   |t..lit..hz      |
+--------+-------------------------------------------------+----------------+
2021-12-01 16:54:18 [DEBUG] io.netty.handler.logging.LoggingHandler: [id: 0xf5b565e5, L:/127.0.0.1:8088 - R:/127.0.0.1:3905] WRITE: 121B
         +-------------------------------------------------+
         |  0  1  2  3  4  5  6  7  8  9  a  b  c  d  e  f |
+--------+-------------------------------------------------+----------------+
|00000000| 30 36 32 32 31 00 00 00 02 31 31 31 00 00 00 69 |06221....111...i|
|00000010| ac ed 00 05 73 72 00 1c 4d 65 73 73 61 67 65 2e |....sr..Message.|
|00000020| 4c 6f 67 69 6e 52 65 73 70 6f 6e 73 65 4d 65 73 |LoginResponseMes|
|00000030| 73 61 67 65 c5 c5 19 82 b5 0e a3 b6 02 00 02 5a |sage...........Z|
|00000040| 00 07 73 75 63 63 65 73 73 4c 00 06 72 65 61 73 |..successL..reas|
|00000050| 6f 6e 74 00 12 4c 6a 61 76 61 2f 6c 61 6e 67 2f |ont..Ljava/lang/|
|00000060| 53 74 72 69 6e 67 3b 78 70 01 74 00 0c 31 32 33 |String;xp.t..123|
|00000070| 31 32 33 31 32 33 31 32 33                      |123123123       |
+--------+-------------------------------------------------+----------------+
2021-12-01 16:54:18 [DEBUG] io.netty.handler.logging.LoggingHandler: [id: 0xf5b565e5, L:/127.0.0.1:8088 - R:/127.0.0.1:3905] FLUSH
2021-12-01 16:54:18 [DEBUG] io.netty.handler.logging.LoggingHandler: [id: 0xf5b565e5, L:/127.0.0.1:8088 - R:/127.0.0.1:3905] READ COMPLETE
2021-12-01 16:54:35 [DEBUG] io.netty.handler.logging.LoggingHandler: [id: 0xf5b565e5, L:/127.0.0.1:8088 - R:/127.0.0.1:3905] READ: 207B
         +-------------------------------------------------+
         |  0  1  2  3  4  5  6  7  8  9  a  b  c  d  e  f |
+--------+-------------------------------------------------+----------------+
|00000000| 30 36 32 32 31 00 00 00 00 31 31 31 00 00 00 bf |06221....111....|
|00000010| ac ed 00 05 73 72 00 1a 4d 65 73 73 61 67 65 2e |....sr..Message.|
|00000020| 43 72 65 61 74 65 47 72 6f 75 70 52 65 71 75 65 |CreateGroupReque|
|00000030| 73 74 21 2a d7 70 78 f0 d1 ab 02 00 04 4c 00 09 |st!*.px......L..|
|00000040| 47 72 6f 75 70 4e 61 6d 65 74 00 12 4c 6a 61 76 |GroupNamet..Ljav|
|00000050| 61 2f 6c 61 6e 67 2f 53 74 72 69 6e 67 3b 4c 00 |a/lang/String;L.|
|00000060| 04 64 61 74 65 74 00 10 4c 6a 61 76 61 2f 75 74 |.datet..Ljava/ut|
|00000070| 69 6c 2f 44 61 74 65 3b 4c 00 04 66 72 6f 6d 71 |il/Date;L..fromq|
|00000080| 00 7e 00 01 4c 00 05 6e 61 6d 65 73 71 00 7e 00 |.~..L..namesq.~.|
|00000090| 01 78 70 74 00 02 6e 62 73 72 00 0e 6a 61 76 61 |.xpt..nbsr..java|
|000000a0| 2e 75 74 69 6c 2e 44 61 74 65 68 6a 81 01 4b 59 |.util.Datehj..KY|
|000000b0| 74 19 03 00 00 78 70 77 08 00 00 01 7d 75 33 e5 |t....xpw....}u3.|
|000000c0| c6 78 74 00 02 68 7a 74 00 05 6c 64 2c 64 6a    |.xt..hzt..ld,dj |
+--------+-------------------------------------------------+----------------+
2021-12-01 16:55:15 [DEBUG] io.netty.handler.logging.LoggingHandler: [id: 0xf5b565e5, L:/127.0.0.1:8088 - R:/127.0.0.1:3905] READ COMPLETE
2021-12-01 16:55:15 [DEBUG] io.netty.handler.logging.LoggingHandler: [id: 0xc7be7125, L:/127.0.0.1:8088 - R:/127.0.0.1:3945] READ COMPLETE
2021-12-01 16:55:15 [DEBUG] io.netty.handler.logging.LoggingHandler: [id: 0xc7be7125, L:/127.0.0.1:8088 - R:/127.0.0.1:3945] EXCEPTION: java.io.IOException: 远程主机强迫关闭了一个现有的连接。
java.io.IOException: 远程主机强迫关闭了一个现有的连接。
	at sun.nio.ch.SocketDispatcher.read0(Native Method)
	at sun.nio.ch.SocketDispatcher.read(SocketDispatcher.java:43)
	at sun.nio.ch.IOUtil.readIntoNativeBuffer(IOUtil.java:223)
	at sun.nio.ch.IOUtil.read(IOUtil.java:192)
	at sun.nio.ch.SocketChannelImpl.read(SocketChannelImpl.java:379)
	at io.netty.buffer.PooledUnsafeDirectByteBuf.setBytes(PooledUnsafeDirectByteBuf.java:288)
	at io.netty.buffer.AbstractByteBuf.writeBytes(AbstractByteBuf.java:1125)
	at io.netty.channel.socket.nio.NioSocketChannel.doReadBytes(NioSocketChannel.java:347)
	at io.netty.channel.nio.AbstractNioByteChannel$NioByteUnsafe.read(AbstractNioByteChannel.java:148)
	at io.netty.channel.nio.NioEventLoop.processSelectedKey(NioEventLoop.java:682)
	at io.netty.channel.nio.NioEventLoop.processSelectedKeysOptimized(NioEventLoop.java:617)
	at io.netty.channel.nio.NioEventLoop.processSelectedKeys(NioEventLoop.java:534)
	at io.netty.channel.nio.NioEventLoop.run(NioEventLoop.java:496)
	at io.netty.util.concurrent.SingleThreadEventExecutor$5.run(SingleThreadEventExecutor.java:906)
	at io.netty.util.internal.ThreadExecutorMap$2.run(ThreadExecutorMap.java:74)
	at io.netty.util.concurrent.FastThreadLocalRunnable.run(FastThreadLocalRunnable.java:30)
	at java.lang.Thread.run(Thread.java:748)
2021-12-01 16:55:15 [WARN] io.netty.channel.DefaultChannelPipeline: An exceptionCaught() event was fired, and it reached at the tail of the pipeline. It usually means the last handler in the pipeline did not handle the exception.
java.io.IOException: 远程主机强迫关闭了一个现有的连接。
	at sun.nio.ch.SocketDispatcher.read0(Native Method)
	at sun.nio.ch.SocketDispatcher.read(SocketDispatcher.java:43)
	at sun.nio.ch.IOUtil.readIntoNativeBuffer(IOUtil.java:223)
	at sun.nio.ch.IOUtil.read(IOUtil.java:192)
	at sun.nio.ch.SocketChannelImpl.read(SocketChannelImpl.java:379)
	at io.netty.buffer.PooledUnsafeDirectByteBuf.setBytes(PooledUnsafeDirectByteBuf.java:288)
	at io.netty.buffer.AbstractByteBuf.writeBytes(AbstractByteBuf.java:1125)
	at io.netty.channel.socket.nio.NioSocketChannel.doReadBytes(NioSocketChannel.java:347)
	at io.netty.channel.nio.AbstractNioByteChannel$NioByteUnsafe.read(AbstractNioByteChannel.java:148)
	at io.netty.channel.nio.NioEventLoop.processSelectedKey(NioEventLoop.java:682)
	at io.netty.channel.nio.NioEventLoop.processSelectedKeysOptimized(NioEventLoop.java:617)
	at io.netty.channel.nio.NioEventLoop.processSelectedKeys(NioEventLoop.java:534)
	at io.netty.channel.nio.NioEventLoop.run(NioEventLoop.java:496)
	at io.netty.util.concurrent.SingleThreadEventExecutor$5.run(SingleThreadEventExecutor.java:906)
	at io.netty.util.internal.ThreadExecutorMap$2.run(ThreadExecutorMap.java:74)
	at io.netty.util.concurrent.FastThreadLocalRunnable.run(FastThreadLocalRunnable.java:30)
	at java.lang.Thread.run(Thread.java:748)
2021-12-01 16:55:15 [DEBUG] io.netty.handler.logging.LoggingHandler: [id: 0xa350ada8, L:/127.0.0.1:8088 - R:/127.0.0.1:3983] READ COMPLETE
2021-12-01 16:55:15 [DEBUG] io.netty.handler.logging.LoggingHandler: [id: 0xf5b565e5, L:/127.0.0.1:8088 - R:/127.0.0.1:3905] READ COMPLETE
2021-12-01 16:55:15 [DEBUG] io.netty.handler.logging.LoggingHandler: [id: 0xa350ada8, L:/127.0.0.1:8088 - R:/127.0.0.1:3983] EXCEPTION: java.io.IOException: 远程主机强迫关闭了一个现有的连接。
java.io.IOException: 远程主机强迫关闭了一个现有的连接。
	at sun.nio.ch.SocketDispatcher.read0(Native Method)
	at sun.nio.ch.SocketDispatcher.read(SocketDispatcher.java:43)
	at sun.nio.ch.IOUtil.readIntoNativeBuffer(IOUtil.java:223)
	at sun.nio.ch.IOUtil.read(IOUtil.java:192)
	at sun.nio.ch.SocketChannelImpl.read(SocketChannelImpl.java:379)
	at io.netty.buffer.PooledUnsafeDirectByteBuf.setBytes(PooledUnsafeDirectByteBuf.java:288)
	at io.netty.buffer.AbstractByteBuf.writeBytes(AbstractByteBuf.java:1125)
	at io.netty.channel.socket.nio.NioSocketChannel.doReadBytes(NioSocketChannel.java:347)
	at io.netty.channel.nio.AbstractNioByteChannel$NioByteUnsafe.read(AbstractNioByteChannel.java:148)
	at io.netty.channel.nio.NioEventLoop.processSelectedKey(NioEventLoop.java:682)
	at io.netty.channel.nio.NioEventLoop.processSelectedKeysOptimized(NioEventLoop.java:617)
	at io.netty.channel.nio.NioEventLoop.processSelectedKeys(NioEventLoop.java:534)
	at io.netty.channel.nio.NioEventLoop.run(NioEventLoop.java:496)
	at io.netty.util.concurrent.SingleThreadEventExecutor$5.run(SingleThreadEventExecutor.java:906)
	at io.netty.util.internal.ThreadExecutorMap$2.run(ThreadExecutorMap.java:74)
	at io.netty.util.concurrent.FastThreadLocalRunnable.run(FastThreadLocalRunnable.java:30)
	at java.lang.Thread.run(Thread.java:748)
2021-12-01 16:55:15 [DEBUG] io.netty.handler.logging.LoggingHandler: [id: 0xc7be7125, L:/127.0.0.1:8088 ! R:/127.0.0.1:3945] INACTIVE
2021-12-01 16:55:15 [DEBUG] io.netty.handler.logging.LoggingHandler: [id: 0xf5b565e5, L:/127.0.0.1:8088 - R:/127.0.0.1:3905] EXCEPTION: java.io.IOException: 远程主机强迫关闭了一个现有的连接。
java.io.IOException: 远程主机强迫关闭了一个现有的连接。
	at sun.nio.ch.SocketDispatcher.read0(Native Method)
	at sun.nio.ch.SocketDispatcher.read(SocketDispatcher.java:43)
	at sun.nio.ch.IOUtil.readIntoNativeBuffer(IOUtil.java:223)
	at sun.nio.ch.IOUtil.read(IOUtil.java:192)
	at sun.nio.ch.SocketChannelImpl.read(SocketChannelImpl.java:379)
	at io.netty.buffer.PooledUnsafeDirectByteBuf.setBytes(PooledUnsafeDirectByteBuf.java:288)
	at io.netty.buffer.AbstractByteBuf.writeBytes(AbstractByteBuf.java:1125)
	at io.netty.channel.socket.nio.NioSocketChannel.doReadBytes(NioSocketChannel.java:347)
	at io.netty.channel.nio.AbstractNioByteChannel$NioByteUnsafe.read(AbstractNioByteChannel.java:148)
	at io.netty.channel.nio.NioEventLoop.processSelectedKey(NioEventLoop.java:682)
	at io.netty.channel.nio.NioEventLoop.processSelectedKeysOptimized(NioEventLoop.java:617)
	at io.netty.channel.nio.NioEventLoop.processSelectedKeys(NioEventLoop.java:534)
	at io.netty.channel.nio.NioEventLoop.run(NioEventLoop.java:496)
	at io.netty.util.concurrent.SingleThreadEventExecutor$5.run(SingleThreadEventExecutor.java:906)
	at io.netty.util.internal.ThreadExecutorMap$2.run(ThreadExecutorMap.java:74)
	at io.netty.util.concurrent.FastThreadLocalRunnable.run(FastThreadLocalRunnable.java:30)
	at java.lang.Thread.run(Thread.java:748)
2021-12-01 16:55:15 [DEBUG] io.netty.handler.logging.LoggingHandler: [id: 0xc7be7125, L:/127.0.0.1:8088 ! R:/127.0.0.1:3945] UNREGISTERED
2021-12-01 16:55:15 [WARN] io.netty.channel.DefaultChannelPipeline: An exceptionCaught() event was fired, and it reached at the tail of the pipeline. It usually means the last handler in the pipeline did not handle the exception.
java.io.IOException: 远程主机强迫关闭了一个现有的连接。
	at sun.nio.ch.SocketDispatcher.read0(Native Method)
	at sun.nio.ch.SocketDispatcher.read(SocketDispatcher.java:43)
	at sun.nio.ch.IOUtil.readIntoNativeBuffer(IOUtil.java:223)
	at sun.nio.ch.IOUtil.read(IOUtil.java:192)
	at sun.nio.ch.SocketChannelImpl.read(SocketChannelImpl.java:379)
	at io.netty.buffer.PooledUnsafeDirectByteBuf.setBytes(PooledUnsafeDirectByteBuf.java:288)
	at io.netty.buffer.AbstractByteBuf.writeBytes(AbstractByteBuf.java:1125)
	at io.netty.channel.socket.nio.NioSocketChannel.doReadBytes(NioSocketChannel.java:347)
	at io.netty.channel.nio.AbstractNioByteChannel$NioByteUnsafe.read(AbstractNioByteChannel.java:148)
	at io.netty.channel.nio.NioEventLoop.processSelectedKey(NioEventLoop.java:682)
	at io.netty.channel.nio.NioEventLoop.processSelectedKeysOptimized(NioEventLoop.java:617)
	at io.netty.channel.nio.NioEventLoop.processSelectedKeys(NioEventLoop.java:534)
	at io.netty.channel.nio.NioEventLoop.run(NioEventLoop.java:496)
	at io.netty.util.concurrent.SingleThreadEventExecutor$5.run(SingleThreadEventExecutor.java:906)
	at io.netty.util.internal.ThreadExecutorMap$2.run(ThreadExecutorMap.java:74)
	at io.netty.util.concurrent.FastThreadLocalRunnable.run(FastThreadLocalRunnable.java:30)
	at java.lang.Thread.run(Thread.java:748)
2021-12-01 16:55:15 [WARN] io.netty.channel.DefaultChannelPipeline: An exceptionCaught() event was fired, and it reached at the tail of the pipeline. It usually means the last handler in the pipeline did not handle the exception.
java.io.IOException: 远程主机强迫关闭了一个现有的连接。
	at sun.nio.ch.SocketDispatcher.read0(Native Method)
	at sun.nio.ch.SocketDispatcher.read(SocketDispatcher.java:43)
	at sun.nio.ch.IOUtil.readIntoNativeBuffer(IOUtil.java:223)
	at sun.nio.ch.IOUtil.read(IOUtil.java:192)
	at sun.nio.ch.SocketChannelImpl.read(SocketChannelImpl.java:379)
	at io.netty.buffer.PooledUnsafeDirectByteBuf.setBytes(PooledUnsafeDirectByteBuf.java:288)
	at io.netty.buffer.AbstractByteBuf.writeBytes(AbstractByteBuf.java:1125)
	at io.netty.channel.socket.nio.NioSocketChannel.doReadBytes(NioSocketChannel.java:347)
	at io.netty.channel.nio.AbstractNioByteChannel$NioByteUnsafe.read(AbstractNioByteChannel.java:148)
	at io.netty.channel.nio.NioEventLoop.processSelectedKey(NioEventLoop.java:682)
	at io.netty.channel.nio.NioEventLoop.processSelectedKeysOptimized(NioEventLoop.java:617)
	at io.netty.channel.nio.NioEventLoop.processSelectedKeys(NioEventLoop.java:534)
	at io.netty.channel.nio.NioEventLoop.run(NioEventLoop.java:496)
	at io.netty.util.concurrent.SingleThreadEventExecutor$5.run(SingleThreadEventExecutor.java:906)
	at io.netty.util.internal.ThreadExecutorMap$2.run(ThreadExecutorMap.java:74)
	at io.netty.util.concurrent.FastThreadLocalRunnable.run(FastThreadLocalRunnable.java:30)
	at java.lang.Thread.run(Thread.java:748)
2021-12-01 16:55:15 [DEBUG] io.netty.handler.logging.LoggingHandler: [id: 0xa350ada8, L:/127.0.0.1:8088 ! R:/127.0.0.1:3983] INACTIVE
2021-12-01 16:55:15 [DEBUG] io.netty.handler.logging.LoggingHandler: [id: 0xf5b565e5, L:/127.0.0.1:8088 ! R:/127.0.0.1:3905] INACTIVE
2021-12-01 16:55:15 [DEBUG] io.netty.handler.logging.LoggingHandler: [id: 0xa350ada8, L:/127.0.0.1:8088 ! R:/127.0.0.1:3983] UNREGISTERED
2021-12-01 16:55:15 [DEBUG] io.netty.handler.logging.LoggingHandler: [id: 0xf5b565e5, L:/127.0.0.1:8088 ! R:/127.0.0.1:3905] UNREGISTERED
2021-12-01 16:55:21 [DEBUG] io.netty.util.internal.logging.InternalLoggerFactory: Using SLF4J as the default logging framework
2021-12-01 16:55:21 [DEBUG] io.netty.channel.MultithreadEventLoopGroup: -Dio.netty.eventLoopThreads: 16
2021-12-01 16:55:21 [DEBUG] io.netty.util.internal.InternalThreadLocalMap: -Dio.netty.threadLocalMap.stringBuilder.initialSize: 1024
2021-12-01 16:55:21 [DEBUG] io.netty.util.internal.InternalThreadLocalMap: -Dio.netty.threadLocalMap.stringBuilder.maxSize: 4096
2021-12-01 16:55:21 [DEBUG] io.netty.channel.nio.NioEventLoop: -Dio.netty.noKeySetOptimization: false
2021-12-01 16:55:21 [DEBUG] io.netty.channel.nio.NioEventLoop: -Dio.netty.selectorAutoRebuildThreshold: 512
2021-12-01 16:55:22 [DEBUG] io.netty.util.internal.PlatformDependent: Platform: Windows
2021-12-01 16:55:22 [DEBUG] io.netty.util.internal.PlatformDependent0: -Dio.netty.noUnsafe: false
2021-12-01 16:55:22 [DEBUG] io.netty.util.internal.PlatformDependent0: Java version: 8
2021-12-01 16:55:22 [DEBUG] io.netty.util.internal.PlatformDependent0: sun.misc.Unsafe.theUnsafe: available
2021-12-01 16:55:22 [DEBUG] io.netty.util.internal.PlatformDependent0: sun.misc.Unsafe.copyMemory: available
2021-12-01 16:55:22 [DEBUG] io.netty.util.internal.PlatformDependent0: java.nio.Buffer.address: available
2021-12-01 16:55:22 [DEBUG] io.netty.util.internal.PlatformDependent0: direct buffer constructor: available
2021-12-01 16:55:22 [DEBUG] io.netty.util.internal.PlatformDependent0: java.nio.Bits.unaligned: available, true
2021-12-01 16:55:22 [DEBUG] io.netty.util.internal.PlatformDependent0: jdk.internal.misc.Unsafe.allocateUninitializedArray(int): unavailable prior to Java9
2021-12-01 16:55:22 [DEBUG] io.netty.util.internal.PlatformDependent0: java.nio.DirectByteBuffer.<init>(long, int): available
2021-12-01 16:55:22 [DEBUG] io.netty.util.internal.PlatformDependent: sun.misc.Unsafe: available
2021-12-01 16:55:22 [DEBUG] io.netty.util.internal.PlatformDependent: -Dio.netty.tmpdir: C:\Users\19551\AppData\Local\Temp (java.io.tmpdir)
2021-12-01 16:55:22 [DEBUG] io.netty.util.internal.PlatformDependent: -Dio.netty.bitMode: 64 (sun.arch.data.model)
2021-12-01 16:55:22 [DEBUG] io.netty.util.internal.PlatformDependent: -Dio.netty.maxDirectMemory: 7618953216 bytes
2021-12-01 16:55:22 [DEBUG] io.netty.util.internal.PlatformDependent: -Dio.netty.uninitializedArrayAllocationThreshold: -1
2021-12-01 16:55:22 [DEBUG] io.netty.util.internal.CleanerJava6: java.nio.ByteBuffer.cleaner(): available
2021-12-01 16:55:22 [DEBUG] io.netty.util.internal.PlatformDependent: -Dio.netty.noPreferDirect: false
2021-12-01 16:55:22 [DEBUG] io.netty.util.internal.PlatformDependent: org.jctools-core.MpscChunkedArrayQueue: available
2021-12-01 16:55:22 [DEBUG] io.netty.channel.DefaultChannelId: -Dio.netty.processId: 7544 (auto-detected)
2021-12-01 16:55:22 [DEBUG] io.netty.util.NetUtil: -Djava.net.preferIPv4Stack: false
2021-12-01 16:55:22 [DEBUG] io.netty.util.NetUtil: -Djava.net.preferIPv6Addresses: false
2021-12-01 16:55:22 [DEBUG] io.netty.util.NetUtil: Loopback interface: lo (Software Loopback Interface 1, 127.0.0.1)
2021-12-01 16:55:22 [DEBUG] io.netty.util.NetUtil: Failed to get SOMAXCONN from sysctl and file \proc\sys\net\core\somaxconn. Default: 200
2021-12-01 16:55:22 [DEBUG] io.netty.channel.DefaultChannelId: -Dio.netty.machineId: 00:50:56:ff:fe:c0:00:01 (auto-detected)
2021-12-01 16:55:22 [DEBUG] io.netty.util.ResourceLeakDetector: -Dio.netty.leakDetection.level: simple
2021-12-01 16:55:22 [DEBUG] io.netty.util.ResourceLeakDetector: -Dio.netty.leakDetection.targetRecords: 4
2021-12-01 16:55:22 [DEBUG] io.netty.buffer.PooledByteBufAllocator: -Dio.netty.allocator.numHeapArenas: 16
2021-12-01 16:55:22 [DEBUG] io.netty.buffer.PooledByteBufAllocator: -Dio.netty.allocator.numDirectArenas: 16
2021-12-01 16:55:22 [DEBUG] io.netty.buffer.PooledByteBufAllocator: -Dio.netty.allocator.pageSize: 8192
2021-12-01 16:55:22 [DEBUG] io.netty.buffer.PooledByteBufAllocator: -Dio.netty.allocator.maxOrder: 11
2021-12-01 16:55:22 [DEBUG] io.netty.buffer.PooledByteBufAllocator: -Dio.netty.allocator.chunkSize: 16777216
2021-12-01 16:55:22 [DEBUG] io.netty.buffer.PooledByteBufAllocator: -Dio.netty.allocator.tinyCacheSize: 512
2021-12-01 16:55:22 [DEBUG] io.netty.buffer.PooledByteBufAllocator: -Dio.netty.allocator.smallCacheSize: 256
2021-12-01 16:55:22 [DEBUG] io.netty.buffer.PooledByteBufAllocator: -Dio.netty.allocator.normalCacheSize: 64
2021-12-01 16:55:22 [DEBUG] io.netty.buffer.PooledByteBufAllocator: -Dio.netty.allocator.maxCachedBufferCapacity: 32768
2021-12-01 16:55:22 [DEBUG] io.netty.buffer.PooledByteBufAllocator: -Dio.netty.allocator.cacheTrimInterval: 8192
2021-12-01 16:55:22 [DEBUG] io.netty.buffer.PooledByteBufAllocator: -Dio.netty.allocator.cacheTrimIntervalMillis: 0
2021-12-01 16:55:22 [DEBUG] io.netty.buffer.PooledByteBufAllocator: -Dio.netty.allocator.useCacheForAllThreads: true
2021-12-01 16:55:22 [DEBUG] io.netty.buffer.PooledByteBufAllocator: -Dio.netty.allocator.maxCachedByteBuffersPerChunk: 1023
2021-12-01 16:55:22 [DEBUG] io.netty.buffer.ByteBufUtil: -Dio.netty.allocator.type: pooled
2021-12-01 16:55:22 [DEBUG] io.netty.buffer.ByteBufUtil: -Dio.netty.threadLocalDirectBufferSize: 0
2021-12-01 16:55:22 [DEBUG] io.netty.buffer.ByteBufUtil: -Dio.netty.maxThreadLocalCharBufferSize: 16384
2021-12-01 16:55:25 [DEBUG] io.netty.util.internal.logging.InternalLoggerFactory: Using SLF4J as the default logging framework
2021-12-01 16:55:25 [DEBUG] io.netty.channel.MultithreadEventLoopGroup: -Dio.netty.eventLoopThreads: 16
2021-12-01 16:55:25 [DEBUG] io.netty.util.internal.InternalThreadLocalMap: -Dio.netty.threadLocalMap.stringBuilder.initialSize: 1024
2021-12-01 16:55:25 [DEBUG] io.netty.util.internal.InternalThreadLocalMap: -Dio.netty.threadLocalMap.stringBuilder.maxSize: 4096
2021-12-01 16:55:25 [DEBUG] io.netty.channel.nio.NioEventLoop: -Dio.netty.noKeySetOptimization: false
2021-12-01 16:55:25 [DEBUG] io.netty.channel.nio.NioEventLoop: -Dio.netty.selectorAutoRebuildThreshold: 512
2021-12-01 16:55:25 [DEBUG] io.netty.util.internal.PlatformDependent: Platform: Windows
2021-12-01 16:55:25 [DEBUG] io.netty.util.internal.PlatformDependent0: -Dio.netty.noUnsafe: false
2021-12-01 16:55:25 [DEBUG] io.netty.util.internal.PlatformDependent0: Java version: 8
2021-12-01 16:55:25 [DEBUG] io.netty.util.internal.PlatformDependent0: sun.misc.Unsafe.theUnsafe: available
2021-12-01 16:55:25 [DEBUG] io.netty.util.internal.PlatformDependent0: sun.misc.Unsafe.copyMemory: available
2021-12-01 16:55:25 [DEBUG] io.netty.util.internal.PlatformDependent0: java.nio.Buffer.address: available
2021-12-01 16:55:25 [DEBUG] io.netty.util.internal.PlatformDependent0: direct buffer constructor: available
2021-12-01 16:55:25 [DEBUG] io.netty.util.internal.PlatformDependent0: java.nio.Bits.unaligned: available, true
2021-12-01 16:55:25 [DEBUG] io.netty.util.internal.PlatformDependent0: jdk.internal.misc.Unsafe.allocateUninitializedArray(int): unavailable prior to Java9
2021-12-01 16:55:25 [DEBUG] io.netty.util.internal.PlatformDependent0: java.nio.DirectByteBuffer.<init>(long, int): available
2021-12-01 16:55:25 [DEBUG] io.netty.util.internal.PlatformDependent: sun.misc.Unsafe: available
2021-12-01 16:55:25 [DEBUG] io.netty.util.internal.PlatformDependent: -Dio.netty.tmpdir: C:\Users\19551\AppData\Local\Temp (java.io.tmpdir)
2021-12-01 16:55:25 [DEBUG] io.netty.util.internal.PlatformDependent: -Dio.netty.bitMode: 64 (sun.arch.data.model)
2021-12-01 16:55:25 [DEBUG] io.netty.util.internal.PlatformDependent: -Dio.netty.maxDirectMemory: 7618953216 bytes
2021-12-01 16:55:25 [DEBUG] io.netty.util.internal.PlatformDependent: -Dio.netty.uninitializedArrayAllocationThreshold: -1
2021-12-01 16:55:25 [DEBUG] io.netty.util.internal.CleanerJava6: java.nio.ByteBuffer.cleaner(): available
2021-12-01 16:55:25 [DEBUG] io.netty.util.internal.PlatformDependent: -Dio.netty.noPreferDirect: false
2021-12-01 16:55:25 [DEBUG] io.netty.util.internal.PlatformDependent: org.jctools-core.MpscChunkedArrayQueue: available
2021-12-01 16:55:26 [DEBUG] io.netty.channel.DefaultChannelId: -Dio.netty.processId: 13416 (auto-detected)
2021-12-01 16:55:26 [DEBUG] io.netty.util.NetUtil: -Djava.net.preferIPv4Stack: false
2021-12-01 16:55:26 [DEBUG] io.netty.util.NetUtil: -Djava.net.preferIPv6Addresses: false
2021-12-01 16:55:26 [DEBUG] io.netty.util.NetUtil: Loopback interface: lo (Software Loopback Interface 1, 127.0.0.1)
2021-12-01 16:55:26 [DEBUG] io.netty.util.NetUtil: Failed to get SOMAXCONN from sysctl and file \proc\sys\net\core\somaxconn. Default: 200
2021-12-01 16:55:26 [DEBUG] io.netty.channel.DefaultChannelId: -Dio.netty.machineId: 00:50:56:ff:fe:c0:00:01 (auto-detected)
2021-12-01 16:55:26 [DEBUG] io.netty.util.ResourceLeakDetector: -Dio.netty.leakDetection.level: simple
2021-12-01 16:55:26 [DEBUG] io.netty.util.ResourceLeakDetector: -Dio.netty.leakDetection.targetRecords: 4
2021-12-01 16:55:26 [DEBUG] io.netty.buffer.PooledByteBufAllocator: -Dio.netty.allocator.numHeapArenas: 16
2021-12-01 16:55:26 [DEBUG] io.netty.buffer.PooledByteBufAllocator: -Dio.netty.allocator.numDirectArenas: 16
2021-12-01 16:55:26 [DEBUG] io.netty.buffer.PooledByteBufAllocator: -Dio.netty.allocator.pageSize: 8192
2021-12-01 16:55:26 [DEBUG] io.netty.buffer.PooledByteBufAllocator: -Dio.netty.allocator.maxOrder: 11
2021-12-01 16:55:26 [DEBUG] io.netty.buffer.PooledByteBufAllocator: -Dio.netty.allocator.chunkSize: 16777216
2021-12-01 16:55:26 [DEBUG] io.netty.buffer.PooledByteBufAllocator: -Dio.netty.allocator.tinyCacheSize: 512
2021-12-01 16:55:26 [DEBUG] io.netty.buffer.PooledByteBufAllocator: -Dio.netty.allocator.smallCacheSize: 256
2021-12-01 16:55:26 [DEBUG] io.netty.buffer.PooledByteBufAllocator: -Dio.netty.allocator.normalCacheSize: 64
2021-12-01 16:55:26 [DEBUG] io.netty.buffer.PooledByteBufAllocator: -Dio.netty.allocator.maxCachedBufferCapacity: 32768
2021-12-01 16:55:26 [DEBUG] io.netty.buffer.PooledByteBufAllocator: -Dio.netty.allocator.cacheTrimInterval: 8192
2021-12-01 16:55:26 [DEBUG] io.netty.buffer.PooledByteBufAllocator: -Dio.netty.allocator.cacheTrimIntervalMillis: 0
2021-12-01 16:55:26 [DEBUG] io.netty.buffer.PooledByteBufAllocator: -Dio.netty.allocator.useCacheForAllThreads: true
2021-12-01 16:55:26 [DEBUG] io.netty.buffer.PooledByteBufAllocator: -Dio.netty.allocator.maxCachedByteBuffersPerChunk: 1023
2021-12-01 16:55:26 [DEBUG] io.netty.buffer.ByteBufUtil: -Dio.netty.allocator.type: pooled
2021-12-01 16:55:26 [DEBUG] io.netty.buffer.ByteBufUtil: -Dio.netty.threadLocalDirectBufferSize: 0
2021-12-01 16:55:26 [DEBUG] io.netty.buffer.ByteBufUtil: -Dio.netty.maxThreadLocalCharBufferSize: 16384
2021-12-01 16:55:26 [DEBUG] io.netty.handler.logging.LoggingHandler: [id: 0x00efe00b, L:/127.0.0.1:8088 - R:/127.0.0.1:4049] REGISTERED
2021-12-01 16:55:26 [DEBUG] io.netty.handler.logging.LoggingHandler: [id: 0x00efe00b, L:/127.0.0.1:8088 - R:/127.0.0.1:4049] ACTIVE
2021-12-01 16:55:27 [DEBUG] io.netty.util.internal.logging.InternalLoggerFactory: Using SLF4J as the default logging framework
2021-12-01 16:55:27 [DEBUG] io.netty.channel.MultithreadEventLoopGroup: -Dio.netty.eventLoopThreads: 16
2021-12-01 16:55:27 [DEBUG] io.netty.util.internal.InternalThreadLocalMap: -Dio.netty.threadLocalMap.stringBuilder.initialSize: 1024
2021-12-01 16:55:27 [DEBUG] io.netty.util.internal.InternalThreadLocalMap: -Dio.netty.threadLocalMap.stringBuilder.maxSize: 4096
2021-12-01 16:55:27 [DEBUG] io.netty.channel.nio.NioEventLoop: -Dio.netty.noKeySetOptimization: false
2021-12-01 16:55:27 [DEBUG] io.netty.channel.nio.NioEventLoop: -Dio.netty.selectorAutoRebuildThreshold: 512
2021-12-01 16:55:27 [DEBUG] io.netty.util.internal.PlatformDependent: Platform: Windows
2021-12-01 16:55:27 [DEBUG] io.netty.util.internal.PlatformDependent0: -Dio.netty.noUnsafe: false
2021-12-01 16:55:27 [DEBUG] io.netty.util.internal.PlatformDependent0: Java version: 8
2021-12-01 16:55:27 [DEBUG] io.netty.util.internal.PlatformDependent0: sun.misc.Unsafe.theUnsafe: available
2021-12-01 16:55:27 [DEBUG] io.netty.util.internal.PlatformDependent0: sun.misc.Unsafe.copyMemory: available
2021-12-01 16:55:27 [DEBUG] io.netty.util.internal.PlatformDependent0: java.nio.Buffer.address: available
2021-12-01 16:55:27 [DEBUG] io.netty.util.internal.PlatformDependent0: direct buffer constructor: available
2021-12-01 16:55:27 [DEBUG] io.netty.util.internal.PlatformDependent0: java.nio.Bits.unaligned: available, true
2021-12-01 16:55:27 [DEBUG] io.netty.util.internal.PlatformDependent0: jdk.internal.misc.Unsafe.allocateUninitializedArray(int): unavailable prior to Java9
2021-12-01 16:55:27 [DEBUG] io.netty.util.internal.PlatformDependent0: java.nio.DirectByteBuffer.<init>(long, int): available
2021-12-01 16:55:27 [DEBUG] io.netty.util.internal.PlatformDependent: sun.misc.Unsafe: available
2021-12-01 16:55:27 [DEBUG] io.netty.util.internal.PlatformDependent: -Dio.netty.tmpdir: C:\Users\19551\AppData\Local\Temp (java.io.tmpdir)
2021-12-01 16:55:27 [DEBUG] io.netty.util.internal.PlatformDependent: -Dio.netty.bitMode: 64 (sun.arch.data.model)
2021-12-01 16:55:27 [DEBUG] io.netty.util.internal.PlatformDependent: -Dio.netty.maxDirectMemory: 7618953216 bytes
2021-12-01 16:55:27 [DEBUG] io.netty.util.internal.PlatformDependent: -Dio.netty.uninitializedArrayAllocationThreshold: -1
2021-12-01 16:55:27 [DEBUG] io.netty.util.internal.CleanerJava6: java.nio.ByteBuffer.cleaner(): available
2021-12-01 16:55:27 [DEBUG] io.netty.util.internal.PlatformDependent: -Dio.netty.noPreferDirect: false
2021-12-01 16:55:27 [DEBUG] io.netty.util.internal.PlatformDependent: org.jctools-core.MpscChunkedArrayQueue: available
2021-12-01 16:55:27 [DEBUG] io.netty.channel.DefaultChannelId: -Dio.netty.processId: 24560 (auto-detected)
2021-12-01 16:55:27 [DEBUG] io.netty.util.NetUtil: -Djava.net.preferIPv4Stack: false
2021-12-01 16:55:27 [DEBUG] io.netty.util.NetUtil: -Djava.net.preferIPv6Addresses: false
2021-12-01 16:55:28 [DEBUG] io.netty.util.NetUtil: Loopback interface: lo (Software Loopback Interface 1, 127.0.0.1)
2021-12-01 16:55:28 [DEBUG] io.netty.util.NetUtil: Failed to get SOMAXCONN from sysctl and file \proc\sys\net\core\somaxconn. Default: 200
2021-12-01 16:55:28 [DEBUG] io.netty.channel.DefaultChannelId: -Dio.netty.machineId: 00:50:56:ff:fe:c0:00:01 (auto-detected)
2021-12-01 16:55:28 [DEBUG] io.netty.util.ResourceLeakDetector: -Dio.netty.leakDetection.level: simple
2021-12-01 16:55:28 [DEBUG] io.netty.util.ResourceLeakDetector: -Dio.netty.leakDetection.targetRecords: 4
2021-12-01 16:55:28 [DEBUG] io.netty.buffer.PooledByteBufAllocator: -Dio.netty.allocator.numHeapArenas: 16
2021-12-01 16:55:28 [DEBUG] io.netty.buffer.PooledByteBufAllocator: -Dio.netty.allocator.numDirectArenas: 16
2021-12-01 16:55:28 [DEBUG] io.netty.buffer.PooledByteBufAllocator: -Dio.netty.allocator.pageSize: 8192
2021-12-01 16:55:28 [DEBUG] io.netty.buffer.PooledByteBufAllocator: -Dio.netty.allocator.maxOrder: 11
2021-12-01 16:55:28 [DEBUG] io.netty.buffer.PooledByteBufAllocator: -Dio.netty.allocator.chunkSize: 16777216
2021-12-01 16:55:28 [DEBUG] io.netty.buffer.PooledByteBufAllocator: -Dio.netty.allocator.tinyCacheSize: 512
2021-12-01 16:55:28 [DEBUG] io.netty.buffer.PooledByteBufAllocator: -Dio.netty.allocator.smallCacheSize: 256
2021-12-01 16:55:28 [DEBUG] io.netty.buffer.PooledByteBufAllocator: -Dio.netty.allocator.normalCacheSize: 64
2021-12-01 16:55:28 [DEBUG] io.netty.buffer.PooledByteBufAllocator: -Dio.netty.allocator.maxCachedBufferCapacity: 32768
2021-12-01 16:55:28 [DEBUG] io.netty.buffer.PooledByteBufAllocator: -Dio.netty.allocator.cacheTrimInterval: 8192
2021-12-01 16:55:28 [DEBUG] io.netty.buffer.PooledByteBufAllocator: -Dio.netty.allocator.cacheTrimIntervalMillis: 0
2021-12-01 16:55:28 [DEBUG] io.netty.buffer.PooledByteBufAllocator: -Dio.netty.allocator.useCacheForAllThreads: true
2021-12-01 16:55:28 [DEBUG] io.netty.buffer.PooledByteBufAllocator: -Dio.netty.allocator.maxCachedByteBuffersPerChunk: 1023
2021-12-01 16:55:28 [DEBUG] io.netty.buffer.ByteBufUtil: -Dio.netty.allocator.type: pooled
2021-12-01 16:55:28 [DEBUG] io.netty.buffer.ByteBufUtil: -Dio.netty.threadLocalDirectBufferSize: 0
2021-12-01 16:55:28 [DEBUG] io.netty.buffer.ByteBufUtil: -Dio.netty.maxThreadLocalCharBufferSize: 16384
2021-12-01 16:55:28 [DEBUG] io.netty.handler.logging.LoggingHandler: [id: 0xa6e687f0, L:/127.0.0.1:8088 - R:/127.0.0.1:4087] REGISTERED
2021-12-01 16:55:28 [DEBUG] io.netty.handler.logging.LoggingHandler: [id: 0xa6e687f0, L:/127.0.0.1:8088 - R:/127.0.0.1:4087] ACTIVE
2021-12-01 16:55:29 [DEBUG] io.netty.util.internal.logging.InternalLoggerFactory: Using SLF4J as the default logging framework
2021-12-01 16:55:29 [DEBUG] io.netty.channel.MultithreadEventLoopGroup: -Dio.netty.eventLoopThreads: 16
2021-12-01 16:55:29 [DEBUG] io.netty.util.internal.InternalThreadLocalMap: -Dio.netty.threadLocalMap.stringBuilder.initialSize: 1024
2021-12-01 16:55:29 [DEBUG] io.netty.util.internal.InternalThreadLocalMap: -Dio.netty.threadLocalMap.stringBuilder.maxSize: 4096
2021-12-01 16:55:29 [DEBUG] io.netty.channel.nio.NioEventLoop: -Dio.netty.noKeySetOptimization: false
2021-12-01 16:55:29 [DEBUG] io.netty.channel.nio.NioEventLoop: -Dio.netty.selectorAutoRebuildThreshold: 512
2021-12-01 16:55:29 [DEBUG] io.netty.util.internal.PlatformDependent: Platform: Windows
2021-12-01 16:55:29 [DEBUG] io.netty.util.internal.PlatformDependent0: -Dio.netty.noUnsafe: false
2021-12-01 16:55:29 [DEBUG] io.netty.util.internal.PlatformDependent0: Java version: 8
2021-12-01 16:55:29 [DEBUG] io.netty.util.internal.PlatformDependent0: sun.misc.Unsafe.theUnsafe: available
2021-12-01 16:55:29 [DEBUG] io.netty.util.internal.PlatformDependent0: sun.misc.Unsafe.copyMemory: available
2021-12-01 16:55:29 [DEBUG] io.netty.util.internal.PlatformDependent0: java.nio.Buffer.address: available
2021-12-01 16:55:29 [DEBUG] io.netty.util.internal.PlatformDependent0: direct buffer constructor: available
2021-12-01 16:55:29 [DEBUG] io.netty.util.internal.PlatformDependent0: java.nio.Bits.unaligned: available, true
2021-12-01 16:55:29 [DEBUG] io.netty.util.internal.PlatformDependent0: jdk.internal.misc.Unsafe.allocateUninitializedArray(int): unavailable prior to Java9
2021-12-01 16:55:29 [DEBUG] io.netty.util.internal.PlatformDependent0: java.nio.DirectByteBuffer.<init>(long, int): available
2021-12-01 16:55:29 [DEBUG] io.netty.util.internal.PlatformDependent: sun.misc.Unsafe: available
2021-12-01 16:55:29 [DEBUG] io.netty.util.internal.PlatformDependent: -Dio.netty.tmpdir: C:\Users\19551\AppData\Local\Temp (java.io.tmpdir)
2021-12-01 16:55:29 [DEBUG] io.netty.util.internal.PlatformDependent: -Dio.netty.bitMode: 64 (sun.arch.data.model)
2021-12-01 16:55:29 [DEBUG] io.netty.util.internal.PlatformDependent: -Dio.netty.maxDirectMemory: 7618953216 bytes
2021-12-01 16:55:29 [DEBUG] io.netty.util.internal.PlatformDependent: -Dio.netty.uninitializedArrayAllocationThreshold: -1
2021-12-01 16:55:29 [DEBUG] io.netty.util.internal.CleanerJava6: java.nio.ByteBuffer.cleaner(): available
2021-12-01 16:55:29 [DEBUG] io.netty.util.internal.PlatformDependent: -Dio.netty.noPreferDirect: false
2021-12-01 16:55:29 [DEBUG] io.netty.util.internal.PlatformDependent: org.jctools-core.MpscChunkedArrayQueue: available
2021-12-01 16:55:29 [DEBUG] io.netty.channel.DefaultChannelId: -Dio.netty.processId: 19508 (auto-detected)
2021-12-01 16:55:29 [DEBUG] io.netty.util.NetUtil: -Djava.net.preferIPv4Stack: false
2021-12-01 16:55:29 [DEBUG] io.netty.util.NetUtil: -Djava.net.preferIPv6Addresses: false
2021-12-01 16:55:29 [DEBUG] io.netty.util.NetUtil: Loopback interface: lo (Software Loopback Interface 1, 127.0.0.1)
2021-12-01 16:55:29 [DEBUG] io.netty.util.NetUtil: Failed to get SOMAXCONN from sysctl and file \proc\sys\net\core\somaxconn. Default: 200
2021-12-01 16:55:30 [DEBUG] io.netty.channel.DefaultChannelId: -Dio.netty.machineId: 00:50:56:ff:fe:c0:00:01 (auto-detected)
2021-12-01 16:55:30 [DEBUG] io.netty.util.ResourceLeakDetector: -Dio.netty.leakDetection.level: simple
2021-12-01 16:55:30 [DEBUG] io.netty.util.ResourceLeakDetector: -Dio.netty.leakDetection.targetRecords: 4
2021-12-01 16:55:30 [DEBUG] io.netty.buffer.PooledByteBufAllocator: -Dio.netty.allocator.numHeapArenas: 16
2021-12-01 16:55:30 [DEBUG] io.netty.buffer.PooledByteBufAllocator: -Dio.netty.allocator.numDirectArenas: 16
2021-12-01 16:55:30 [DEBUG] io.netty.buffer.PooledByteBufAllocator: -Dio.netty.allocator.pageSize: 8192
2021-12-01 16:55:30 [DEBUG] io.netty.buffer.PooledByteBufAllocator: -Dio.netty.allocator.maxOrder: 11
2021-12-01 16:55:30 [DEBUG] io.netty.buffer.PooledByteBufAllocator: -Dio.netty.allocator.chunkSize: 16777216
2021-12-01 16:55:30 [DEBUG] io.netty.buffer.PooledByteBufAllocator: -Dio.netty.allocator.tinyCacheSize: 512
2021-12-01 16:55:30 [DEBUG] io.netty.buffer.PooledByteBufAllocator: -Dio.netty.allocator.smallCacheSize: 256
2021-12-01 16:55:30 [DEBUG] io.netty.buffer.PooledByteBufAllocator: -Dio.netty.allocator.normalCacheSize: 64
2021-12-01 16:55:30 [DEBUG] io.netty.buffer.PooledByteBufAllocator: -Dio.netty.allocator.maxCachedBufferCapacity: 32768
2021-12-01 16:55:30 [DEBUG] io.netty.buffer.PooledByteBufAllocator: -Dio.netty.allocator.cacheTrimInterval: 8192
2021-12-01 16:55:30 [DEBUG] io.netty.buffer.PooledByteBufAllocator: -Dio.netty.allocator.cacheTrimIntervalMillis: 0
2021-12-01 16:55:30 [DEBUG] io.netty.buffer.PooledByteBufAllocator: -Dio.netty.allocator.useCacheForAllThreads: true
2021-12-01 16:55:30 [DEBUG] io.netty.buffer.PooledByteBufAllocator: -Dio.netty.allocator.maxCachedByteBuffersPerChunk: 1023
2021-12-01 16:55:30 [DEBUG] io.netty.buffer.ByteBufUtil: -Dio.netty.allocator.type: pooled
2021-12-01 16:55:30 [DEBUG] io.netty.buffer.ByteBufUtil: -Dio.netty.threadLocalDirectBufferSize: 0
2021-12-01 16:55:30 [DEBUG] io.netty.buffer.ByteBufUtil: -Dio.netty.maxThreadLocalCharBufferSize: 16384
2021-12-01 16:55:30 [DEBUG] io.netty.handler.logging.LoggingHandler: [id: 0x5c7c8e02, L:/127.0.0.1:8088 - R:/127.0.0.1:4126] REGISTERED
2021-12-01 16:55:30 [DEBUG] io.netty.handler.logging.LoggingHandler: [id: 0x5c7c8e02, L:/127.0.0.1:8088 - R:/127.0.0.1:4126] ACTIVE
2021-12-01 16:55:31 [DEBUG] io.netty.util.Recycler: -Dio.netty.recycler.maxCapacityPerThread: 4096
2021-12-01 16:55:31 [DEBUG] io.netty.util.Recycler: -Dio.netty.recycler.maxSharedCapacityFactor: 2
2021-12-01 16:55:31 [DEBUG] io.netty.util.Recycler: -Dio.netty.recycler.linkCapacity: 16
2021-12-01 16:55:31 [DEBUG] io.netty.util.Recycler: -Dio.netty.recycler.ratio: 8
2021-12-01 16:55:31 [DEBUG] io.netty.buffer.AbstractByteBuf: -Dio.netty.buffer.checkAccessible: true
2021-12-01 16:55:31 [DEBUG] io.netty.buffer.AbstractByteBuf: -Dio.netty.buffer.checkBounds: true
2021-12-01 16:55:31 [DEBUG] io.netty.util.ResourceLeakDetectorFactory: Loaded default ResourceLeakDetector: io.netty.util.ResourceLeakDetector@1cd4ca13
2021-12-01 16:55:31 [DEBUG] io.netty.util.Recycler: -Dio.netty.recycler.maxCapacityPerThread: 4096
2021-12-01 16:55:31 [DEBUG] io.netty.util.Recycler: -Dio.netty.recycler.maxSharedCapacityFactor: 2
2021-12-01 16:55:31 [DEBUG] io.netty.util.Recycler: -Dio.netty.recycler.linkCapacity: 16
2021-12-01 16:55:31 [DEBUG] io.netty.util.Recycler: -Dio.netty.recycler.ratio: 8
2021-12-01 16:55:31 [DEBUG] io.netty.buffer.AbstractByteBuf: -Dio.netty.buffer.checkAccessible: true
2021-12-01 16:55:31 [DEBUG] io.netty.buffer.AbstractByteBuf: -Dio.netty.buffer.checkBounds: true
2021-12-01 16:55:31 [DEBUG] io.netty.util.ResourceLeakDetectorFactory: Loaded default ResourceLeakDetector: io.netty.util.ResourceLeakDetector@315e7474
2021-12-01 16:55:31 [DEBUG] io.netty.handler.logging.LoggingHandler: [id: 0x00efe00b, L:/127.0.0.1:8088 - R:/127.0.0.1:4049] READ: 122B
         +-------------------------------------------------+
         |  0  1  2  3  4  5  6  7  8  9  a  b  c  d  e  f |
+--------+-------------------------------------------------+----------------+
|00000000| 30 36 32 32 31 00 00 00 01 31 31 31 00 00 00 6a |06221....111...j|
|00000010| ac ed 00 05 73 72 00 1b 4d 65 73 73 61 67 65 2e |....sr..Message.|
|00000020| 4c 6f 67 69 6e 52 65 71 75 65 73 74 4d 65 73 73 |LoginRequestMess|
|00000030| 61 67 65 72 c0 ea af 67 3e f5 ac 02 00 02 4c 00 |ager...g>.....L.|
|00000040| 08 50 61 73 73 57 6f 72 64 74 00 12 4c 6a 61 76 |.PassWordt..Ljav|
|00000050| 61 2f 6c 61 6e 67 2f 53 74 72 69 6e 67 3b 4c 00 |a/lang/String;L.|
|00000060| 08 55 73 65 72 4e 61 6d 65 71 00 7e 00 01 78 70 |.UserNameq.~..xp|
|00000070| 74 00 02 6c 69 74 00 02 6c 64                   |t..lit..ld      |
+--------+-------------------------------------------------+----------------+
2021-12-01 16:55:31 [DEBUG] io.netty.handler.logging.LoggingHandler: [id: 0x00efe00b, L:/127.0.0.1:8088 - R:/127.0.0.1:4049] WRITE: 121B
         +-------------------------------------------------+
         |  0  1  2  3  4  5  6  7  8  9  a  b  c  d  e  f |
+--------+-------------------------------------------------+----------------+
|00000000| 30 36 32 32 31 00 00 00 02 31 31 31 00 00 00 69 |06221....111...i|
|00000010| ac ed 00 05 73 72 00 1c 4d 65 73 73 61 67 65 2e |....sr..Message.|
|00000020| 4c 6f 67 69 6e 52 65 73 70 6f 6e 73 65 4d 65 73 |LoginResponseMes|
|00000030| 73 61 67 65 c5 c5 19 82 b5 0e a3 b6 02 00 02 5a |sage...........Z|
|00000040| 00 07 73 75 63 63 65 73 73 4c 00 06 72 65 61 73 |..successL..reas|
|00000050| 6f 6e 74 00 12 4c 6a 61 76 61 2f 6c 61 6e 67 2f |ont..Ljava/lang/|
|00000060| 53 74 72 69 6e 67 3b 78 70 01 74 00 0c 31 32 33 |String;xp.t..123|
|00000070| 31 32 33 31 32 33 31 32 33                      |123123123       |
+--------+-------------------------------------------------+----------------+
2021-12-01 16:55:31 [DEBUG] io.netty.handler.logging.LoggingHandler: [id: 0x00efe00b, L:/127.0.0.1:8088 - R:/127.0.0.1:4049] FLUSH
2021-12-01 16:55:31 [DEBUG] io.netty.handler.logging.LoggingHandler: [id: 0x00efe00b, L:/127.0.0.1:8088 - R:/127.0.0.1:4049] READ COMPLETE
2021-12-01 16:55:35 [DEBUG] io.netty.util.Recycler: -Dio.netty.recycler.maxCapacityPerThread: 4096
2021-12-01 16:55:35 [DEBUG] io.netty.util.Recycler: -Dio.netty.recycler.maxSharedCapacityFactor: 2
2021-12-01 16:55:35 [DEBUG] io.netty.util.Recycler: -Dio.netty.recycler.linkCapacity: 16
2021-12-01 16:55:35 [DEBUG] io.netty.util.Recycler: -Dio.netty.recycler.ratio: 8
2021-12-01 16:55:35 [DEBUG] io.netty.buffer.AbstractByteBuf: -Dio.netty.buffer.checkAccessible: true
2021-12-01 16:55:35 [DEBUG] io.netty.buffer.AbstractByteBuf: -Dio.netty.buffer.checkBounds: true
2021-12-01 16:55:35 [DEBUG] io.netty.util.ResourceLeakDetectorFactory: Loaded default ResourceLeakDetector: io.netty.util.ResourceLeakDetector@1cd4ca13
2021-12-01 16:55:35 [DEBUG] io.netty.handler.logging.LoggingHandler: [id: 0xa6e687f0, L:/127.0.0.1:8088 - R:/127.0.0.1:4087] READ: 122B
         +-------------------------------------------------+
         |  0  1  2  3  4  5  6  7  8  9  a  b  c  d  e  f |
+--------+-------------------------------------------------+----------------+
|00000000| 30 36 32 32 31 00 00 00 01 31 31 31 00 00 00 6a |06221....111...j|
|00000010| ac ed 00 05 73 72 00 1b 4d 65 73 73 61 67 65 2e |....sr..Message.|
|00000020| 4c 6f 67 69 6e 52 65 71 75 65 73 74 4d 65 73 73 |LoginRequestMess|
|00000030| 61 67 65 72 c0 ea af 67 3e f5 ac 02 00 02 4c 00 |ager...g>.....L.|
|00000040| 08 50 61 73 73 57 6f 72 64 74 00 12 4c 6a 61 76 |.PassWordt..Ljav|
|00000050| 61 2f 6c 61 6e 67 2f 53 74 72 69 6e 67 3b 4c 00 |a/lang/String;L.|
|00000060| 08 55 73 65 72 4e 61 6d 65 71 00 7e 00 01 78 70 |.UserNameq.~..xp|
|00000070| 74 00 02 6c 69 74 00 02 68 7a                   |t..lit..hz      |
+--------+-------------------------------------------------+----------------+
2021-12-01 16:55:35 [DEBUG] io.netty.handler.logging.LoggingHandler: [id: 0xa6e687f0, L:/127.0.0.1:8088 - R:/127.0.0.1:4087] WRITE: 121B
         +-------------------------------------------------+
         |  0  1  2  3  4  5  6  7  8  9  a  b  c  d  e  f |
+--------+-------------------------------------------------+----------------+
|00000000| 30 36 32 32 31 00 00 00 02 31 31 31 00 00 00 69 |06221....111...i|
|00000010| ac ed 00 05 73 72 00 1c 4d 65 73 73 61 67 65 2e |....sr..Message.|
|00000020| 4c 6f 67 69 6e 52 65 73 70 6f 6e 73 65 4d 65 73 |LoginResponseMes|
|00000030| 73 61 67 65 c5 c5 19 82 b5 0e a3 b6 02 00 02 5a |sage...........Z|
|00000040| 00 07 73 75 63 63 65 73 73 4c 00 06 72 65 61 73 |..successL..reas|
|00000050| 6f 6e 74 00 12 4c 6a 61 76 61 2f 6c 61 6e 67 2f |ont..Ljava/lang/|
|00000060| 53 74 72 69 6e 67 3b 78 70 01 74 00 0c 31 32 33 |String;xp.t..123|
|00000070| 31 32 33 31 32 33 31 32 33                      |123123123       |
+--------+-------------------------------------------------+----------------+
2021-12-01 16:55:35 [DEBUG] io.netty.handler.logging.LoggingHandler: [id: 0xa6e687f0, L:/127.0.0.1:8088 - R:/127.0.0.1:4087] FLUSH
2021-12-01 16:55:35 [DEBUG] io.netty.handler.logging.LoggingHandler: [id: 0xa6e687f0, L:/127.0.0.1:8088 - R:/127.0.0.1:4087] READ COMPLETE
2021-12-01 16:55:39 [DEBUG] io.netty.util.Recycler: -Dio.netty.recycler.maxCapacityPerThread: 4096
2021-12-01 16:55:39 [DEBUG] io.netty.util.Recycler: -Dio.netty.recycler.maxSharedCapacityFactor: 2
2021-12-01 16:55:39 [DEBUG] io.netty.util.Recycler: -Dio.netty.recycler.linkCapacity: 16
2021-12-01 16:55:39 [DEBUG] io.netty.util.Recycler: -Dio.netty.recycler.ratio: 8
2021-12-01 16:55:39 [DEBUG] io.netty.buffer.AbstractByteBuf: -Dio.netty.buffer.checkAccessible: true
2021-12-01 16:55:39 [DEBUG] io.netty.buffer.AbstractByteBuf: -Dio.netty.buffer.checkBounds: true
2021-12-01 16:55:39 [DEBUG] io.netty.util.ResourceLeakDetectorFactory: Loaded default ResourceLeakDetector: io.netty.util.ResourceLeakDetector@25dda149
2021-12-01 16:55:39 [DEBUG] io.netty.handler.logging.LoggingHandler: [id: 0x5c7c8e02, L:/127.0.0.1:8088 - R:/127.0.0.1:4126] READ: 122B
         +-------------------------------------------------+
         |  0  1  2  3  4  5  6  7  8  9  a  b  c  d  e  f |
+--------+-------------------------------------------------+----------------+
|00000000| 30 36 32 32 31 00 00 00 01 31 31 31 00 00 00 6a |06221....111...j|
|00000010| ac ed 00 05 73 72 00 1b 4d 65 73 73 61 67 65 2e |....sr..Message.|
|00000020| 4c 6f 67 69 6e 52 65 71 75 65 73 74 4d 65 73 73 |LoginRequestMess|
|00000030| 61 67 65 72 c0 ea af 67 3e f5 ac 02 00 02 4c 00 |ager...g>.....L.|
|00000040| 08 50 61 73 73 57 6f 72 64 74 00 12 4c 6a 61 76 |.PassWordt..Ljav|
|00000050| 61 2f 6c 61 6e 67 2f 53 74 72 69 6e 67 3b 4c 00 |a/lang/String;L.|
|00000060| 08 55 73 65 72 4e 61 6d 65 71 00 7e 00 01 78 70 |.UserNameq.~..xp|
|00000070| 74 00 02 6c 69 74 00 02 64 6a                   |t..lit..dj      |
+--------+-------------------------------------------------+----------------+
2021-12-01 16:55:39 [DEBUG] io.netty.handler.logging.LoggingHandler: [id: 0x5c7c8e02, L:/127.0.0.1:8088 - R:/127.0.0.1:4126] WRITE: 121B
         +-------------------------------------------------+
         |  0  1  2  3  4  5  6  7  8  9  a  b  c  d  e  f |
+--------+-------------------------------------------------+----------------+
|00000000| 30 36 32 32 31 00 00 00 02 31 31 31 00 00 00 69 |06221....111...i|
|00000010| ac ed 00 05 73 72 00 1c 4d 65 73 73 61 67 65 2e |....sr..Message.|
|00000020| 4c 6f 67 69 6e 52 65 73 70 6f 6e 73 65 4d 65 73 |LoginResponseMes|
|00000030| 73 61 67 65 c5 c5 19 82 b5 0e a3 b6 02 00 02 5a |sage...........Z|
|00000040| 00 07 73 75 63 63 65 73 73 4c 00 06 72 65 61 73 |..successL..reas|
|00000050| 6f 6e 74 00 12 4c 6a 61 76 61 2f 6c 61 6e 67 2f |ont..Ljava/lang/|
|00000060| 53 74 72 69 6e 67 3b 78 70 01 74 00 0c 31 32 33 |String;xp.t..123|
|00000070| 31 32 33 31 32 33 31 32 33                      |123123123       |
+--------+-------------------------------------------------+----------------+
2021-12-01 16:55:39 [DEBUG] io.netty.handler.logging.LoggingHandler: [id: 0x5c7c8e02, L:/127.0.0.1:8088 - R:/127.0.0.1:4126] FLUSH
2021-12-01 16:55:39 [DEBUG] io.netty.handler.logging.LoggingHandler: [id: 0x5c7c8e02, L:/127.0.0.1:8088 - R:/127.0.0.1:4126] READ COMPLETE
2021-12-01 16:55:52 [DEBUG] io.netty.handler.logging.LoggingHandler: [id: 0x00efe00b, L:/127.0.0.1:8088 - R:/127.0.0.1:4049] READ: 207B
         +-------------------------------------------------+
         |  0  1  2  3  4  5  6  7  8  9  a  b  c  d  e  f |
+--------+-------------------------------------------------+----------------+
|00000000| 30 36 32 32 31 00 00 00 00 31 31 31 00 00 00 bf |06221....111....|
|00000010| ac ed 00 05 73 72 00 1a 4d 65 73 73 61 67 65 2e |....sr..Message.|
|00000020| 43 72 65 61 74 65 47 72 6f 75 70 52 65 71 75 65 |CreateGroupReque|
|00000030| 73 74 21 2a d7 70 78 f0 d1 ab 02 00 04 4c 00 09 |st!*.px......L..|
|00000040| 47 72 6f 75 70 4e 61 6d 65 74 00 12 4c 6a 61 76 |GroupNamet..Ljav|
|00000050| 61 2f 6c 61 6e 67 2f 53 74 72 69 6e 67 3b 4c 00 |a/lang/String;L.|
|00000060| 04 64 61 74 65 74 00 10 4c 6a 61 76 61 2f 75 74 |.datet..Ljava/ut|
|00000070| 69 6c 2f 44 61 74 65 3b 4c 00 04 66 72 6f 6d 71 |il/Date;L..fromq|
|00000080| 00 7e 00 01 4c 00 05 6e 61 6d 65 73 71 00 7e 00 |.~..L..namesq.~.|
|00000090| 01 78 70 74 00 02 6e 62 73 72 00 0e 6a 61 76 61 |.xpt..nbsr..java|
|000000a0| 2e 75 74 69 6c 2e 44 61 74 65 68 6a 81 01 4b 59 |.util.Datehj..KY|
|000000b0| 74 19 03 00 00 78 70 77 08 00 00 01 7d 75 35 14 |t....xpw....}u5.|
|000000c0| 11 78 74 00 02 6c 64 74 00 05 68 7a 2c 64 6a    |.xt..ldt..hz,dj |
+--------+-------------------------------------------------+----------------+
2021-12-01 16:55:52 [DEBUG] io.netty.handler.logging.LoggingHandler: [id: 0x00efe00b, L:/127.0.0.1:8088 - R:/127.0.0.1:4049] WRITE: 263B
         +-------------------------------------------------+
         |  0  1  2  3  4  5  6  7  8  9  a  b  c  d  e  f |
+--------+-------------------------------------------------+----------------+
|00000000| 30 36 32 32 31 00 00 00 00 31 31 31 00 00 00 f7 |06221....111....|
|00000010| ac ed 00 05 73 72 00 17 4d 65 73 73 61 67 65 2e |....sr..Message.|
|00000020| 52 63 76 47 72 6f 75 70 4d 65 73 73 61 67 65 59 |RcvGroupMessageY|
|00000030| a1 d1 65 8b f9 45 cd 02 00 04 4c 00 09 47 72 6f |..e..E....L..Gro|
|00000040| 75 70 4e 61 6d 65 74 00 12 4c 6a 61 76 61 2f 6c |upNamet..Ljava/l|
|00000050| 61 6e 67 2f 53 74 72 69 6e 67 3b 4c 00 04 64 61 |ang/String;L..da|
|00000060| 74 65 74 00 10 4c 6a 61 76 61 2f 75 74 69 6c 2f |tet..Ljava/util/|
|00000070| 44 61 74 65 3b 4c 00 04 66 72 6f 6d 71 00 7e 00 |Date;L..fromq.~.|
|00000080| 01 5b 00 05 6e 61 6d 65 73 74 00 13 5b 4c 6a 61 |.[..namest..[Lja|
|00000090| 76 61 2f 6c 61 6e 67 2f 53 74 72 69 6e 67 3b 78 |va/lang/String;x|
|000000a0| 70 74 00 02 6e 62 73 72 00 0e 6a 61 76 61 2e 75 |pt..nbsr..java.u|
|000000b0| 74 69 6c 2e 44 61 74 65 68 6a 81 01 4b 59 74 19 |til.Datehj..KYt.|
|000000c0| 03 00 00 78 70 77 08 00 00 01 7d 75 35 14 11 78 |...xpw....}u5..x|
|000000d0| 74 00 02 6c 64 75 72 00 13 5b 4c 6a 61 76 61 2e |t..ldur..[Ljava.|
|000000e0| 6c 61 6e 67 2e 53 74 72 69 6e 67 3b ad d2 56 e7 |lang.String;..V.|
|000000f0| e9 1d 7b 47 02 00 00 78 70 00 00 00 02 74 00 02 |..{G...xp....t..|
|00000100| 68 7a 74 00 02 64 6a                            |hzt..dj         |
+--------+-------------------------------------------------+----------------+
2021-12-01 16:55:52 [DEBUG] io.netty.handler.logging.LoggingHandler: [id: 0x00efe00b, L:/127.0.0.1:8088 - R:/127.0.0.1:4049] FLUSH
2021-12-01 16:55:52 [DEBUG] io.netty.handler.logging.LoggingHandler: [id: 0x5c7c8e02, L:/127.0.0.1:8088 - R:/127.0.0.1:4126] WRITE: 263B
         +-------------------------------------------------+
         |  0  1  2  3  4  5  6  7  8  9  a  b  c  d  e  f |
+--------+-------------------------------------------------+----------------+
|00000000| 30 36 32 32 31 00 00 00 00 31 31 31 00 00 00 f7 |06221....111....|
|00000010| ac ed 00 05 73 72 00 17 4d 65 73 73 61 67 65 2e |....sr..Message.|
|00000020| 52 63 76 47 72 6f 75 70 4d 65 73 73 61 67 65 59 |RcvGroupMessageY|
|00000030| a1 d1 65 8b f9 45 cd 02 00 04 4c 00 09 47 72 6f |..e..E....L..Gro|
|00000040| 75 70 4e 61 6d 65 74 00 12 4c 6a 61 76 61 2f 6c |upNamet..Ljava/l|
|00000050| 61 6e 67 2f 53 74 72 69 6e 67 3b 4c 00 04 64 61 |ang/String;L..da|
|00000060| 74 65 74 00 10 4c 6a 61 76 61 2f 75 74 69 6c 2f |tet..Ljava/util/|
|00000070| 44 61 74 65 3b 4c 00 04 66 72 6f 6d 71 00 7e 00 |Date;L..fromq.~.|
|00000080| 01 5b 00 05 6e 61 6d 65 73 74 00 13 5b 4c 6a 61 |.[..namest..[Lja|
|00000090| 76 61 2f 6c 61 6e 67 2f 53 74 72 69 6e 67 3b 78 |va/lang/String;x|
|000000a0| 70 74 00 02 6e 62 73 72 00 0e 6a 61 76 61 2e 75 |pt..nbsr..java.u|
|000000b0| 74 69 6c 2e 44 61 74 65 68 6a 81 01 4b 59 74 19 |til.Datehj..KYt.|
|000000c0| 03 00 00 78 70 77 08 00 00 01 7d 75 35 14 11 78 |...xpw....}u5..x|
|000000d0| 74 00 02 6c 64 75 72 00 13 5b 4c 6a 61 76 61 2e |t..ldur..[Ljava.|
|000000e0| 6c 61 6e 67 2e 53 74 72 69 6e 67 3b ad d2 56 e7 |lang.String;..V.|
|000000f0| e9 1d 7b 47 02 00 00 78 70 00 00 00 02 74 00 02 |..{G...xp....t..|
|00000100| 68 7a 74 00 02 64 6a                            |hzt..dj         |
+--------+-------------------------------------------------+----------------+
2021-12-01 16:55:52 [DEBUG] io.netty.handler.logging.LoggingHandler: [id: 0xa6e687f0, L:/127.0.0.1:8088 - R:/127.0.0.1:4087] WRITE: 263B
         +-------------------------------------------------+
         |  0  1  2  3  4  5  6  7  8  9  a  b  c  d  e  f |
+--------+-------------------------------------------------+----------------+
|00000000| 30 36 32 32 31 00 00 00 00 31 31 31 00 00 00 f7 |06221....111....|
|00000010| ac ed 00 05 73 72 00 17 4d 65 73 73 61 67 65 2e |....sr..Message.|
|00000020| 52 63 76 47 72 6f 75 70 4d 65 73 73 61 67 65 59 |RcvGroupMessageY|
|00000030| a1 d1 65 8b f9 45 cd 02 00 04 4c 00 09 47 72 6f |..e..E....L..Gro|
|00000040| 75 70 4e 61 6d 65 74 00 12 4c 6a 61 76 61 2f 6c |upNamet..Ljava/l|
|00000050| 61 6e 67 2f 53 74 72 69 6e 67 3b 4c 00 04 64 61 |ang/String;L..da|
|00000060| 74 65 74 00 10 4c 6a 61 76 61 2f 75 74 69 6c 2f |tet..Ljava/util/|
|00000070| 44 61 74 65 3b 4c 00 04 66 72 6f 6d 71 00 7e 00 |Date;L..fromq.~.|
|00000080| 01 5b 00 05 6e 61 6d 65 73 74 00 13 5b 4c 6a 61 |.[..namest..[Lja|
|00000090| 76 61 2f 6c 61 6e 67 2f 53 74 72 69 6e 67 3b 78 |va/lang/String;x|
|000000a0| 70 74 00 02 6e 62 73 72 00 0e 6a 61 76 61 2e 75 |pt..nbsr..java.u|
|000000b0| 74 69 6c 2e 44 61 74 65 68 6a 81 01 4b 59 74 19 |til.Datehj..KYt.|
|000000c0| 03 00 00 78 70 77 08 00 00 01 7d 75 35 14 11 78 |...xpw....}u5..x|
|000000d0| 74 00 02 6c 64 75 72 00 13 5b 4c 6a 61 76 61 2e |t..ldur..[Ljava.|
|000000e0| 6c 61 6e 67 2e 53 74 72 69 6e 67 3b ad d2 56 e7 |lang.String;..V.|
|000000f0| e9 1d 7b 47 02 00 00 78 70 00 00 00 02 74 00 02 |..{G...xp....t..|
|00000100| 68 7a 74 00 02 64 6a                            |hzt..dj         |
+--------+-------------------------------------------------+----------------+
2021-12-01 16:55:52 [DEBUG] io.netty.handler.logging.LoggingHandler: [id: 0x5c7c8e02, L:/127.0.0.1:8088 - R:/127.0.0.1:4126] FLUSH
2021-12-01 16:55:52 [DEBUG] io.netty.handler.logging.LoggingHandler: [id: 0x00efe00b, L:/127.0.0.1:8088 - R:/127.0.0.1:4049] READ COMPLETE
2021-12-01 16:55:52 [DEBUG] io.netty.handler.logging.LoggingHandler: [id: 0xa6e687f0, L:/127.0.0.1:8088 - R:/127.0.0.1:4087] FLUSH
2021-12-01 16:56:07 [DEBUG] io.netty.handler.logging.LoggingHandler: [id: 0x5c7c8e02, L:/127.0.0.1:8088 - R:/127.0.0.1:4126] READ: 205B
         +-------------------------------------------------+
         |  0  1  2  3  4  5  6  7  8  9  a  b  c  d  e  f |
+--------+-------------------------------------------------+----------------+
|00000000| 30 36 32 32 31 00 00 00 00 31 31 31 00 00 00 bd |06221....111....|
|00000010| ac ed 00 05 73 72 00 1a 4d 65 73 73 61 67 65 2e |....sr..Message.|
|00000020| 43 72 65 61 74 65 47 72 6f 75 70 52 65 71 75 65 |CreateGroupReque|
|00000030| 73 74 21 2a d7 70 78 f0 d1 ab 02 00 04 4c 00 09 |st!*.px......L..|
|00000040| 47 72 6f 75 70 4e 61 6d 65 74 00 12 4c 6a 61 76 |GroupNamet..Ljav|
|00000050| 61 2f 6c 61 6e 67 2f 53 74 72 69 6e 67 3b 4c 00 |a/lang/String;L.|
|00000060| 04 64 61 74 65 74 00 10 4c 6a 61 76 61 2f 75 74 |.datet..Ljava/ut|
|00000070| 69 6c 2f 44 61 74 65 3b 4c 00 04 66 72 6f 6d 71 |il/Date;L..fromq|
|00000080| 00 7e 00 01 4c 00 05 6e 61 6d 65 73 71 00 7e 00 |.~..L..namesq.~.|
|00000090| 01 78 70 74 00 03 68 68 68 73 72 00 0e 6a 61 76 |.xpt..hhhsr..jav|
|000000a0| 61 2e 75 74 69 6c 2e 44 61 74 65 68 6a 81 01 4b |a.util.Datehj..K|
|000000b0| 59 74 19 03 00 00 78 70 77 08 00 00 01 7d 75 35 |Yt....xpw....}u5|
|000000c0| 4f 7d 78 74 00 02 64 6a 74 00 02 6c 64          |O}xt..djt..ld   |
+--------+-------------------------------------------------+----------------+
2021-12-01 16:56:07 [DEBUG] io.netty.handler.logging.LoggingHandler: [id: 0x5c7c8e02, L:/127.0.0.1:8088 - R:/127.0.0.1:4126] WRITE: 259B
         +-------------------------------------------------+
         |  0  1  2  3  4  5  6  7  8  9  a  b  c  d  e  f |
+--------+-------------------------------------------------+----------------+
|00000000| 30 36 32 32 31 00 00 00 00 31 31 31 00 00 00 f3 |06221....111....|
|00000010| ac ed 00 05 73 72 00 17 4d 65 73 73 61 67 65 2e |....sr..Message.|
|00000020| 52 63 76 47 72 6f 75 70 4d 65 73 73 61 67 65 59 |RcvGroupMessageY|
|00000030| a1 d1 65 8b f9 45 cd 02 00 04 4c 00 09 47 72 6f |..e..E....L..Gro|
|00000040| 75 70 4e 61 6d 65 74 00 12 4c 6a 61 76 61 2f 6c |upNamet..Ljava/l|
|00000050| 61 6e 67 2f 53 74 72 69 6e 67 3b 4c 00 04 64 61 |ang/String;L..da|
|00000060| 74 65 74 00 10 4c 6a 61 76 61 2f 75 74 69 6c 2f |tet..Ljava/util/|
|00000070| 44 61 74 65 3b 4c 00 04 66 72 6f 6d 71 00 7e 00 |Date;L..fromq.~.|
|00000080| 01 5b 00 05 6e 61 6d 65 73 74 00 13 5b 4c 6a 61 |.[..namest..[Lja|
|00000090| 76 61 2f 6c 61 6e 67 2f 53 74 72 69 6e 67 3b 78 |va/lang/String;x|
|000000a0| 70 74 00 03 68 68 68 73 72 00 0e 6a 61 76 61 2e |pt..hhhsr..java.|
|000000b0| 75 74 69 6c 2e 44 61 74 65 68 6a 81 01 4b 59 74 |util.Datehj..KYt|
|000000c0| 19 03 00 00 78 70 77 08 00 00 01 7d 75 35 4f 7d |....xpw....}u5O}|
|000000d0| 78 74 00 02 64 6a 75 72 00 13 5b 4c 6a 61 76 61 |xt..djur..[Ljava|
|000000e0| 2e 6c 61 6e 67 2e 53 74 72 69 6e 67 3b ad d2 56 |.lang.String;..V|
|000000f0| e7 e9 1d 7b 47 02 00 00 78 70 00 00 00 01 74 00 |...{G...xp....t.|
|00000100| 02 6c 64                                        |.ld             |
+--------+-------------------------------------------------+----------------+
2021-12-01 16:56:07 [DEBUG] io.netty.handler.logging.LoggingHandler: [id: 0x00efe00b, L:/127.0.0.1:8088 - R:/127.0.0.1:4049] WRITE: 259B
         +-------------------------------------------------+
         |  0  1  2  3  4  5  6  7  8  9  a  b  c  d  e  f |
+--------+-------------------------------------------------+----------------+
|00000000| 30 36 32 32 31 00 00 00 00 31 31 31 00 00 00 f3 |06221....111....|
|00000010| ac ed 00 05 73 72 00 17 4d 65 73 73 61 67 65 2e |....sr..Message.|
|00000020| 52 63 76 47 72 6f 75 70 4d 65 73 73 61 67 65 59 |RcvGroupMessageY|
|00000030| a1 d1 65 8b f9 45 cd 02 00 04 4c 00 09 47 72 6f |..e..E....L..Gro|
|00000040| 75 70 4e 61 6d 65 74 00 12 4c 6a 61 76 61 2f 6c |upNamet..Ljava/l|
|00000050| 61 6e 67 2f 53 74 72 69 6e 67 3b 4c 00 04 64 61 |ang/String;L..da|
|00000060| 74 65 74 00 10 4c 6a 61 76 61 2f 75 74 69 6c 2f |tet..Ljava/util/|
|00000070| 44 61 74 65 3b 4c 00 04 66 72 6f 6d 71 00 7e 00 |Date;L..fromq.~.|
|00000080| 01 5b 00 05 6e 61 6d 65 73 74 00 13 5b 4c 6a 61 |.[..namest..[Lja|
|00000090| 76 61 2f 6c 61 6e 67 2f 53 74 72 69 6e 67 3b 78 |va/lang/String;x|
|000000a0| 70 74 00 03 68 68 68 73 72 00 0e 6a 61 76 61 2e |pt..hhhsr..java.|
|000000b0| 75 74 69 6c 2e 44 61 74 65 68 6a 81 01 4b 59 74 |util.Datehj..KYt|
|000000c0| 19 03 00 00 78 70 77 08 00 00 01 7d 75 35 4f 7d |....xpw....}u5O}|
|000000d0| 78 74 00 02 64 6a 75 72 00 13 5b 4c 6a 61 76 61 |xt..djur..[Ljava|
|000000e0| 2e 6c 61 6e 67 2e 53 74 72 69 6e 67 3b ad d2 56 |.lang.String;..V|
|000000f0| e7 e9 1d 7b 47 02 00 00 78 70 00 00 00 01 74 00 |...{G...xp....t.|
|00000100| 02 6c 64                                        |.ld             |
+--------+-------------------------------------------------+----------------+
2021-12-01 16:56:07 [DEBUG] io.netty.handler.logging.LoggingHandler: [id: 0x5c7c8e02, L:/127.0.0.1:8088 - R:/127.0.0.1:4126] FLUSH
2021-12-01 16:56:07 [DEBUG] io.netty.handler.logging.LoggingHandler: [id: 0x00efe00b, L:/127.0.0.1:8088 - R:/127.0.0.1:4049] FLUSH
2021-12-01 16:56:07 [DEBUG] io.netty.handler.logging.LoggingHandler: [id: 0x5c7c8e02, L:/127.0.0.1:8088 - R:/127.0.0.1:4126] READ COMPLETE
